<?xml version="1.0" encoding="UTF-8"?>
<testng-results ignored="0" total="1" passed="1" failed="0" skipped="0">
  <reporter-output>
  </reporter-output>
  <suite started-at="2025-12-29T02:55:34 IST" name="LoginSuite" finished-at="2025-12-29T02:55:44 IST" duration-ms="10379">
    <groups>
    </groups>
    <test started-at="2025-12-29T02:55:34 IST" name="LoginTest" finished-at="2025-12-29T02:55:44 IST" duration-ms="10379">
      <class name="testcase.LoginTestCase">
        <test-method is-config="true" signature="setup()[pri:0, instance:testcase.LoginTestCase@1a6d8329]" started-at="2025-12-29T02:55:34 IST" name="setup" finished-at="2025-12-29T02:55:42 IST" duration-ms="8324" status="PASS">
          <reporter-output>
          </reporter-output>
        </test-method> <!-- setup -->
        <test-method signature="logindetails()[pri:0, instance:testcase.LoginTestCase@1a6d8329]" started-at="2025-12-29T02:55:42 IST" name="logindetails" finished-at="2025-12-29T02:55:44 IST" duration-ms="1844" status="PASS">
          <reporter-output>
          </reporter-output>
        </test-method> <!-- logindetails -->
        <test-method is-config="true" signature="TearDown()[pri:0, instance:testcase.LoginTestCase@1a6d8329]" started-at="2025-12-29T02:55:44 IST" name="TearDown" finished-at="2025-12-29T02:55:44 IST" duration-ms="124" status="PASS">
          <reporter-output>
          </reporter-output>
        </test-method> <!-- TearDown -->
      </class> <!-- testcase.LoginTestCase -->
    </test> <!-- LoginTest -->
  </suite> <!-- LoginSuite -->
</testng-results>
