<?xml version="1.0" encoding="UTF-8"?>
<testng-results ignored="0" total="2" passed="2" failed="0" skipped="0">
  <reporter-output>
  </reporter-output>
  <suite started-at="2025-12-29T06:24:08 IST" name="OrangeHRM Suite" finished-at="2025-12-29T06:24:27 IST" duration-ms="18953">
    <groups>
    </groups>
    <test started-at="2025-12-29T06:24:08 IST" name="OrangeHRM test" finished-at="2025-12-29T06:24:27 IST" duration-ms="18953">
      <class name="testcase.InvalidLoginTestCase">
        <test-method is-config="true" signature="setup()[pri:0, instance:testcase.InvalidLoginTestCase@5f2606b]" started-at="2025-12-29T06:24:18 IST" name="setup" finished-at="2025-12-29T06:24:24 IST" duration-ms="6738" status="PASS">
          <reporter-output>
          </reporter-output>
        </test-method> <!-- setup -->
        <test-method signature="invalidLoginTest()[pri:0, instance:testcase.InvalidLoginTestCase@5f2606b]" started-at="2025-12-29T06:24:24 IST" name="invalidLoginTest" finished-at="2025-12-29T06:24:27 IST" duration-ms="2378" status="PASS">
          <reporter-output>
          </reporter-output>
        </test-method> <!-- invalidLoginTest -->
        <test-method is-config="true" signature="TearDown()[pri:0, instance:testcase.InvalidLoginTestCase@5f2606b]" started-at="2025-12-29T06:24:27 IST" name="TearDown" finished-at="2025-12-29T06:24:27 IST" duration-ms="191" status="PASS">
          <reporter-output>
          </reporter-output>
        </test-method> <!-- TearDown -->
      </class> <!-- testcase.InvalidLoginTestCase -->
      <class name="testcase.LoginTestCase">
        <test-method is-config="true" signature="setup()[pri:0, instance:testcase.LoginTestCase@2f058b8a]" started-at="2025-12-29T06:24:08 IST" name="setup" finished-at="2025-12-29T06:24:16 IST" duration-ms="7549" status="PASS">
          <reporter-output>
          </reporter-output>
        </test-method> <!-- setup -->
        <test-method signature="logindetails()[pri:0, instance:testcase.LoginTestCase@2f058b8a]" started-at="2025-12-29T06:24:16 IST" name="logindetails" finished-at="2025-12-29T06:24:17 IST" duration-ms="1865" status="PASS">
          <reporter-output>
          </reporter-output>
        </test-method> <!-- logindetails -->
        <test-method is-config="true" signature="TearDown()[pri:0, instance:testcase.LoginTestCase@2f058b8a]" started-at="2025-12-29T06:24:17 IST" name="TearDown" finished-at="2025-12-29T06:24:18 IST" duration-ms="135" status="PASS">
          <reporter-output>
          </reporter-output>
        </test-method> <!-- TearDown -->
      </class> <!-- testcase.LoginTestCase -->
    </test> <!-- OrangeHRM test -->
  </suite> <!-- OrangeHRM Suite -->
</testng-results>
