<?xml version="1.0" encoding="UTF-8"?>
<!-- Generated by org.testng.reporters.JUnitReportReporter -->
<testsuite hostname="DESKTOP-8VBQBS3" failures="0" tests="3" name="testcase.InvalidLoginTestCase" time="59.745" errors="0" timestamp="2025-12-29T07:37:00 IST" skipped="0">
  <testcase classname="testcase.InvalidLoginTestCase" name="invalidLoginTest" time="17.175"/>
  <testcase classname="testcase.InvalidLoginTestCase" name="invalidLoginTest" time="21.424"/>
  <testcase classname="testcase.InvalidLoginTestCase" name="invalidLoginTest" time="21.146"/>
</testsuite> <!-- testcase.InvalidLoginTestCase -->
