<?xml version="1.0" encoding="UTF-8"?>
<!-- Generated by org.testng.reporters.JUnitReportReporter -->
<testsuite hostname="DESKTOP-8VBQBS3" failures="0" tests="3" name="testcase.LoginTestCase" time="79.967" errors="0" timestamp="2025-12-29T07:37:00 IST" skipped="0">
  <testcase classname="testcase.LoginTestCase" name="logindetails" time="36.710"/>
  <testcase classname="testcase.LoginTestCase" name="logindetails" time="22.654"/>
  <testcase classname="testcase.LoginTestCase" name="logindetails" time="20.603"/>
</testsuite> <!-- testcase.LoginTestCase -->
